[35m[1mScanning dependencies of target actionlib_msgs_generate_messages_lisp[0m
[  0%] Built target actionlib_msgs_generate_messages_lisp
[35m[1mScanning dependencies of target std_msgs_generate_messages_lisp[0m
[  0%] Built target std_msgs_generate_messages_lisp
[35m[1mScanning dependencies of target actionlib_msgs_generate_messages_py[0m
[  0%] Built target actionlib_msgs_generate_messages_py
[35m[1mScanning dependencies of target std_msgs_generate_messages_py[0m
[  0%] Built target std_msgs_generate_messages_py
[35m[1mScanning dependencies of target std_msgs_generate_messages_nodejs[0m
[  0%] Built target std_msgs_generate_messages_nodejs
[35m[1mScanning dependencies of target actionlib_msgs_generate_messages_nodejs[0m
[  0%] Built target actionlib_msgs_generate_messages_nodejs
[35m[1mScanning dependencies of target std_msgs_generate_messages_cpp[0m
[  0%] Built target std_msgs_generate_messages_cpp
[35m[1mScanning dependencies of target actionlib_msgs_generate_messages_cpp[0m
[  0%] Built target actionlib_msgs_generate_messages_cpp
[35m[1mScanning dependencies of target actionlib_msgs_generate_messages_eus[0m
[  0%] Built target actionlib_msgs_generate_messages_eus
[35m[1mScanning dependencies of target std_msgs_generate_messages_eus[0m
[  0%] Built target std_msgs_generate_messages_eus
[35m[1mScanning dependencies of target rg2_driver_generate_messages_lisp[0m
[  0%] Built target rg2_driver_generate_messages_lisp
[35m[1mScanning dependencies of target rg2_driver_generate_messages_py[0m
[  0%] Built target rg2_driver_generate_messages_py
[35m[1mScanning dependencies of target rg2_driver_generate_messages_nodejs[0m
[  0%] Built target rg2_driver_generate_messages_nodejs
[35m[1mScanning dependencies of target rg2_driver_generate_messages_cpp[0m
[  0%] Built target rg2_driver_generate_messages_cpp
[35m[1mScanning dependencies of target rg2_driver_generate_messages_eus[0m
[100%] [34m[1mGenerating EusLisp manifest code for rg2_driver[0m
[100%] Built target rg2_driver_generate_messages_eus
[35m[1mScanning dependencies of target rg2_driver_generate_messages[0m
[100%] Built target rg2_driver_generate_messages
