[35m[1mScanning dependencies of target cartesian_control_msgs_generate_messages_nodejs[0m
[35m[1mScanning dependencies of target dynamic_reconfigure_generate_messages_eus[0m
[  0%] Built target cartesian_control_msgs_generate_messages_nodejs
[  0%] Built target dynamic_reconfigure_generate_messages_eus
[35m[1mScanning dependencies of target cartesian_control_msgs_generate_messages_lisp[0m
[35m[1mScanning dependencies of target cartesian_control_msgs_generate_messages_eus[0m
[  0%] Built target cartesian_control_msgs_generate_messages_eus
[  0%] Built target cartesian_control_msgs_generate_messages_lisp
[35m[1mScanning dependencies of target cartesian_control_msgs_generate_messages_cpp[0m
[35m[1mScanning dependencies of target ur_msgs_generate_messages_nodejs[0m
[  0%] Built target cartesian_control_msgs_generate_messages_cpp
[  0%] Built target ur_msgs_generate_messages_nodejs
[35m[1mScanning dependencies of target ur_msgs_generate_messages_lisp[0m
[35m[1mScanning dependencies of target ur_msgs_generate_messages_eus[0m
[  0%] Built target ur_msgs_generate_messages_lisp
[  0%] Built target ur_msgs_generate_messages_eus
[35m[1mScanning dependencies of target ur_msgs_generate_messages_cpp[0m
[35m[1mScanning dependencies of target ur_dashboard_msgs_generate_messages_py[0m
[  0%] Built target ur_msgs_generate_messages_cpp
[  0%] Built target ur_dashboard_msgs_generate_messages_py
[35m[1mScanning dependencies of target ur_dashboard_msgs_generate_messages_eus[0m
[35m[1mScanning dependencies of target tf2_msgs_generate_messages_nodejs[0m
[  0%] Built target ur_dashboard_msgs_generate_messages_eus
[  0%] Built target tf2_msgs_generate_messages_nodejs
[35m[1mScanning dependencies of target tf2_msgs_generate_messages_lisp[0m
[  0%] Built target tf2_msgs_generate_messages_lisp
[35m[1mScanning dependencies of target tf_generate_messages_nodejs[0m
[  0%] Built target tf_generate_messages_nodejs
[35m[1mScanning dependencies of target tf_generate_messages_lisp[0m
[35m[1mScanning dependencies of target std_srvs_generate_messages_nodejs[0m
[  0%] Built target tf_generate_messages_lisp
[  0%] Built target std_srvs_generate_messages_nodejs
[35m[1mScanning dependencies of target std_srvs_generate_messages_lisp[0m
[35m[1mScanning dependencies of target std_srvs_generate_messages_eus[0m
[  0%] Built target std_srvs_generate_messages_lisp
[  0%] Built target std_srvs_generate_messages_eus
[35m[1mScanning dependencies of target tf2_msgs_generate_messages_eus[0m
[35m[1mScanning dependencies of target sensor_msgs_generate_messages_py[0m
[  0%] Built target tf2_msgs_generate_messages_eus
[  0%] Built target sensor_msgs_generate_messages_py
[35m[1mScanning dependencies of target sensor_msgs_generate_messages_nodejs[0m
[  0%] Built target sensor_msgs_generate_messages_nodejs
[35m[1mScanning dependencies of target sensor_msgs_generate_messages_cpp[0m
[35m[1mScanning dependencies of target dynamic_reconfigure_gencfg[0m
[  0%] Built target sensor_msgs_generate_messages_cpp
[  0%] Built target dynamic_reconfigure_gencfg
[35m[1mScanning dependencies of target dynamic_reconfigure_generate_messages_nodejs[0m
[35m[1mScanning dependencies of target tf2_msgs_generate_messages_py[0m
[  0%] Built target dynamic_reconfigure_generate_messages_nodejs
[  0%] Built target tf2_msgs_generate_messages_py
[35m[1mScanning dependencies of target tf2_msgs_generate_messages_cpp[0m
[35m[1mScanning dependencies of target dynamic_reconfigure_generate_messages_lisp[0m
[  0%] Built target dynamic_reconfigure_generate_messages_lisp
[  0%] Built target tf2_msgs_generate_messages_cpp
[35m[1mScanning dependencies of target roscpp_generate_messages_cpp[0m
[35m[1mScanning dependencies of target roscpp_generate_messages_eus[0m
[  0%] Built target roscpp_generate_messages_cpp
[  0%] Built target roscpp_generate_messages_eus
[35m[1mScanning dependencies of target control_toolbox_gencfg[0m
[35m[1mScanning dependencies of target std_msgs_generate_messages_py[0m
[  0%] Built target control_toolbox_gencfg
[  0%] Built target std_msgs_generate_messages_py
[35m[1mScanning dependencies of target std_msgs_generate_messages_nodejs[0m
[35m[1mScanning dependencies of target geometry_msgs_generate_messages_eus[0m
[  0%] Built target std_msgs_generate_messages_nodejs
[35m[1mScanning dependencies of target controller_manager_msgs_generate_messages_nodejs[0m
[  0%] Built target geometry_msgs_generate_messages_eus
[  0%] Built target controller_manager_msgs_generate_messages_nodejs
[35m[1mScanning dependencies of target roscpp_generate_messages_nodejs[0m
[35m[1mScanning dependencies of target std_msgs_generate_messages_cpp[0m
[  0%] Built target roscpp_generate_messages_nodejs
[  0%] Built target std_msgs_generate_messages_cpp
[35m[1mScanning dependencies of target actionlib_msgs_generate_messages_py[0m
[35m[1mScanning dependencies of target ur_dashboard_msgs_generate_messages_nodejs[0m
[  0%] Built target actionlib_msgs_generate_messages_py
[  0%] Built target ur_dashboard_msgs_generate_messages_nodejs
[35m[1mScanning dependencies of target actionlib_generate_messages_cpp[0m
[35m[1mScanning dependencies of target rosgraph_msgs_generate_messages_nodejs[0m
[  0%] Built target actionlib_generate_messages_cpp
[  0%] Built target rosgraph_msgs_generate_messages_nodejs
[35m[1mScanning dependencies of target tf_generate_messages_eus[0m
[35m[1mScanning dependencies of target rosgraph_msgs_generate_messages_lisp[0m
[  0%] Built target tf_generate_messages_eus
[  0%] Built target rosgraph_msgs_generate_messages_lisp
[35m[1mScanning dependencies of target actionlib_generate_messages_py[0m
[  0%] Built target actionlib_generate_messages_py
[35m[1mScanning dependencies of target actionlib_generate_messages_lisp[0m
[35m[1mScanning dependencies of target _catkin_empty_exported_target[0m
[  0%] Built target actionlib_generate_messages_lisp
[35m[1mScanning dependencies of target controller_manager_msgs_generate_messages_eus[0m
[  0%] Built target _catkin_empty_exported_target
[35m[1mScanning dependencies of target actionlib_generate_messages_nodejs[0m
[  0%] Built target controller_manager_msgs_generate_messages_eus
[  0%] Built target actionlib_generate_messages_nodejs
[35m[1mScanning dependencies of target tf_generate_messages_cpp[0m
[35m[1mScanning dependencies of target control_msgs_generate_messages_eus[0m
[  0%] Built target tf_generate_messages_cpp
[  0%] Built target control_msgs_generate_messages_eus
[35m[1mScanning dependencies of target trajectory_msgs_generate_messages_nodejs[0m
[35m[1mScanning dependencies of target trajectory_msgs_generate_messages_cpp[0m
[  0%] Built target trajectory_msgs_generate_messages_nodejs
[  0%] Built target trajectory_msgs_generate_messages_cpp
[35m[1mScanning dependencies of target control_toolbox_generate_messages_py[0m
[  0%] Built target control_toolbox_generate_messages_py
[35m[1mScanning dependencies of target rosgraph_msgs_generate_messages_py[0m
[35m[1mScanning dependencies of target tf_generate_messages_py[0m
[  0%] Built target rosgraph_msgs_generate_messages_py
[  0%] Built target tf_generate_messages_py
[35m[1mScanning dependencies of target std_msgs_generate_messages_eus[0m
[35m[1mScanning dependencies of target actionlib_msgs_generate_messages_nodejs[0m
[  0%] Built target std_msgs_generate_messages_eus
[  0%] Built target actionlib_msgs_generate_messages_nodejs
[35m[1mScanning dependencies of target std_srvs_generate_messages_py[0m
[35m[1mScanning dependencies of target actionlib_msgs_generate_messages_lisp[0m
[  0%] Built target std_srvs_generate_messages_py
[  0%] Built target actionlib_msgs_generate_messages_lisp
[35m[1mScanning dependencies of target rosgraph_msgs_generate_messages_eus[0m
[35m[1mScanning dependencies of target urcl_log_handler[0m
[  0%] Built target rosgraph_msgs_generate_messages_eus
[  5%] [32mBuilding CXX object CMakeFiles/urcl_log_handler.dir/src/urcl_log_handler.cpp.o[0m
[35m[1mScanning dependencies of target ur_dashboard_msgs_generate_messages_cpp[0m
[  5%] Built target ur_dashboard_msgs_generate_messages_cpp
[35m[1mScanning dependencies of target sensor_msgs_generate_messages_lisp[0m
[  5%] Built target sensor_msgs_generate_messages_lisp
[35m[1mScanning dependencies of target sensor_msgs_generate_messages_eus[0m
[  5%] Built target sensor_msgs_generate_messages_eus
[35m[1mScanning dependencies of target control_msgs_generate_messages_lisp[0m
[  5%] Built target control_msgs_generate_messages_lisp
[35m[1mScanning dependencies of target std_msgs_generate_messages_lisp[0m
[  5%] Built target std_msgs_generate_messages_lisp
[35m[1mScanning dependencies of target pass_through_controllers_gencfg[0m
[  5%] Built target pass_through_controllers_gencfg
[35m[1mScanning dependencies of target std_srvs_generate_messages_cpp[0m
[  5%] Built target std_srvs_generate_messages_cpp
[35m[1mScanning dependencies of target cartesian_control_msgs_generate_messages_py[0m
[  5%] Built target cartesian_control_msgs_generate_messages_py
[35m[1mScanning dependencies of target control_msgs_generate_messages_cpp[0m
[  5%] Built target control_msgs_generate_messages_cpp
[35m[1mScanning dependencies of target roscpp_generate_messages_lisp[0m
[  5%] Built target roscpp_generate_messages_lisp
[35m[1mScanning dependencies of target controller_manager_msgs_generate_messages_lisp[0m
[  5%] Built target controller_manager_msgs_generate_messages_lisp
[35m[1mScanning dependencies of target control_toolbox_generate_messages_nodejs[0m
[  5%] Built target control_toolbox_generate_messages_nodejs
[35m[1mScanning dependencies of target ur_dashboard_msgs_generate_messages_lisp[0m
[  5%] Built target ur_dashboard_msgs_generate_messages_lisp
[35m[1mScanning dependencies of target dynamic_reconfigure_generate_messages_py[0m
[  5%] Built target dynamic_reconfigure_generate_messages_py
[35m[1mScanning dependencies of target actionlib_msgs_generate_messages_eus[0m
[  5%] Built target actionlib_msgs_generate_messages_eus
[35m[1mScanning dependencies of target control_msgs_generate_messages_nodejs[0m
[  5%] Built target control_msgs_generate_messages_nodejs
[35m[1mScanning dependencies of target control_msgs_generate_messages_py[0m
[  5%] Built target control_msgs_generate_messages_py
[35m[1mScanning dependencies of target geometry_msgs_generate_messages_cpp[0m
[  5%] Built target geometry_msgs_generate_messages_cpp
[35m[1mScanning dependencies of target ur_msgs_generate_messages_py[0m
[  5%] Built target ur_msgs_generate_messages_py
[35m[1mScanning dependencies of target geometry_msgs_generate_messages_lisp[0m
[  5%] Built target geometry_msgs_generate_messages_lisp
[35m[1mScanning dependencies of target geometry_msgs_generate_messages_py[0m
[  5%] Built target geometry_msgs_generate_messages_py
[35m[1mScanning dependencies of target trajectory_msgs_generate_messages_lisp[0m
[  5%] Built target trajectory_msgs_generate_messages_lisp
[35m[1mScanning dependencies of target rosgraph_msgs_generate_messages_cpp[0m
[  5%] Built target rosgraph_msgs_generate_messages_cpp
[35m[1mScanning dependencies of target actionlib_generate_messages_eus[0m
[  5%] Built target actionlib_generate_messages_eus
[35m[1mScanning dependencies of target trajectory_msgs_generate_messages_py[0m
[  5%] Built target trajectory_msgs_generate_messages_py
[35m[1mScanning dependencies of target controller_manager_msgs_generate_messages_cpp[0m
[  5%] Built target controller_manager_msgs_generate_messages_cpp
[35m[1mScanning dependencies of target actionlib_msgs_generate_messages_cpp[0m
[  5%] Built target actionlib_msgs_generate_messages_cpp
[35m[1mScanning dependencies of target controller_manager_msgs_generate_messages_py[0m
[  5%] Built target controller_manager_msgs_generate_messages_py
[35m[1mScanning dependencies of target trajectory_msgs_generate_messages_eus[0m
[  5%] Built target trajectory_msgs_generate_messages_eus
[35m[1mScanning dependencies of target roscpp_generate_messages_py[0m
[  5%] Built target roscpp_generate_messages_py
[35m[1mScanning dependencies of target control_toolbox_generate_messages_cpp[0m
[  5%] Built target control_toolbox_generate_messages_cpp
[35m[1mScanning dependencies of target control_toolbox_generate_messages_eus[0m
[  5%] Built target control_toolbox_generate_messages_eus
[35m[1mScanning dependencies of target control_toolbox_generate_messages_lisp[0m
[  5%] Built target control_toolbox_generate_messages_lisp
[35m[1mScanning dependencies of target dynamic_reconfigure_generate_messages_cpp[0m
[  5%] Built target dynamic_reconfigure_generate_messages_cpp
[35m[1mScanning dependencies of target geometry_msgs_generate_messages_nodejs[0m
[  5%] Built target geometry_msgs_generate_messages_nodejs
[35m[1mScanning dependencies of target robot_state_helper[0m
[ 11%] [32mBuilding CXX object CMakeFiles/robot_state_helper.dir/src/robot_state_helper.cpp.o[0m
[ 16%] [32m[1mLinking CXX shared library /home/laboratorio/ros_workspace/devel/.private/ur_robot_driver/lib/liburcl_log_handler.so[0m
[ 16%] Built target urcl_log_handler
[35m[1mScanning dependencies of target ur_robot_driver_plugin[0m
[ 22%] [32mBuilding CXX object CMakeFiles/ur_robot_driver_plugin.dir/src/dashboard_client_ros.cpp.o[0m
[ 27%] [32mBuilding CXX object CMakeFiles/robot_state_helper.dir/src/robot_state_helper_node.cpp.o[0m
[ 33%] [32mBuilding CXX object CMakeFiles/ur_robot_driver_plugin.dir/src/hardware_interface.cpp.o[0m
[ 38%] [32m[1mLinking CXX executable /home/laboratorio/ros_workspace/devel/.private/ur_robot_driver/lib/ur_robot_driver/robot_state_helper[0m
[ 38%] Built target robot_state_helper
[35m[1mScanning dependencies of target controller_stopper_node[0m
[ 44%] [32mBuilding CXX object CMakeFiles/controller_stopper_node.dir/src/controller_stopper.cpp.o[0m
[ 50%] [32mBuilding CXX object CMakeFiles/controller_stopper_node.dir/src/controller_stopper_node.cpp.o[0m
[ 55%] [32m[1mLinking CXX executable /home/laboratorio/ros_workspace/devel/.private/ur_robot_driver/lib/ur_robot_driver/controller_stopper_node[0m
[ 55%] Built target controller_stopper_node
[35m[1mScanning dependencies of target dashboard_client[0m
[ 61%] [32mBuilding CXX object CMakeFiles/dashboard_client.dir/src/dashboard_client_ros.cpp.o[0m
[ 66%] [32m[1mLinking CXX shared library /home/laboratorio/ros_workspace/devel/.private/ur_robot_driver/lib/libur_robot_driver_plugin.so[0m
[ 66%] Built target ur_robot_driver_plugin
[35m[1mScanning dependencies of target ur_robot_driver_node[0m
[ 72%] [32mBuilding CXX object CMakeFiles/ur_robot_driver_node.dir/src/dashboard_client_ros.cpp.o[0m
[ 77%] [32mBuilding CXX object CMakeFiles/dashboard_client.dir/src/dashboard_client_node.cpp.o[0m
[ 83%] [32m[1mLinking CXX executable /home/laboratorio/ros_workspace/devel/.private/ur_robot_driver/lib/ur_robot_driver/dashboard_client[0m
[ 83%] Built target dashboard_client
[ 88%] [32mBuilding CXX object CMakeFiles/ur_robot_driver_node.dir/src/hardware_interface.cpp.o[0m
[ 94%] [32mBuilding CXX object CMakeFiles/ur_robot_driver_node.dir/src/hardware_interface_node.cpp.o[0m
[100%] [32m[1mLinking CXX executable /home/laboratorio/ros_workspace/devel/.private/ur_robot_driver/lib/ur_robot_driver/ur_robot_driver_node[0m
[100%] Built target ur_robot_driver_node
